Started GET "/" for ::1 at 2021-01-07 19:42:01 +0100
  
ActiveRecord::NoDatabaseError (FATAL:  database "sqwore_development" does not exist
):
  
activerecord (6.0.3.4) lib/active_record/connection_adapters/postgresql_adapter.rb:50:in `rescue in postgresql_connection'
activerecord (6.0.3.4) lib/active_record/connection_adapters/postgresql_adapter.rb:33:in `postgresql_connection'
activerecord (6.0.3.4) lib/active_record/connection_adapters/abstract/connection_pool.rb:887:in `new_connection'
activerecord (6.0.3.4) lib/active_record/connection_adapters/abstract/connection_pool.rb:931:in `checkout_new_connection'
activerecord (6.0.3.4) lib/active_record/connection_adapters/abstract/connection_pool.rb:910:in `try_to_checkout_new_connection'
activerecord (6.0.3.4) lib/active_record/connection_adapters/abstract/connection_pool.rb:871:in `acquire_connection'
activerecord (6.0.3.4) lib/active_record/connection_adapters/abstract/connection_pool.rb:593:in `checkout'
activerecord (6.0.3.4) lib/active_record/connection_adapters/abstract/connection_pool.rb:437:in `connection'
activerecord (6.0.3.4) lib/active_record/connection_adapters/abstract/connection_pool.rb:1119:in `retrieve_connection'
activerecord (6.0.3.4) lib/active_record/connection_handling.rb:221:in `retrieve_connection'
activerecord (6.0.3.4) lib/active_record/connection_handling.rb:189:in `connection'
activerecord (6.0.3.4) lib/active_record/migration.rb:562:in `call'
actionpack (6.0.3.4) lib/action_dispatch/middleware/callbacks.rb:27:in `block in call'
activesupport (6.0.3.4) lib/active_support/callbacks.rb:101:in `run_callbacks'
actionpack (6.0.3.4) lib/action_dispatch/middleware/callbacks.rb:26:in `call'
actionpack (6.0.3.4) lib/action_dispatch/middleware/executor.rb:14:in `call'
actionpack (6.0.3.4) lib/action_dispatch/middleware/actionable_exceptions.rb:18:in `call'
actionpack (6.0.3.4) lib/action_dispatch/middleware/debug_exceptions.rb:32:in `call'
web-console (4.1.0) lib/web_console/middleware.rb:132:in `call_app'
web-console (4.1.0) lib/web_console/middleware.rb:28:in `block in call'
web-console (4.1.0) lib/web_console/middleware.rb:17:in `catch'
web-console (4.1.0) lib/web_console/middleware.rb:17:in `call'
actionpack (6.0.3.4) lib/action_dispatch/middleware/show_exceptions.rb:33:in `call'
railties (6.0.3.4) lib/rails/rack/logger.rb:37:in `call_app'
railties (6.0.3.4) lib/rails/rack/logger.rb:26:in `block in call'
activesupport (6.0.3.4) lib/active_support/tagged_logging.rb:80:in `block in tagged'
activesupport (6.0.3.4) lib/active_support/tagged_logging.rb:28:in `tagged'
activesupport (6.0.3.4) lib/active_support/tagged_logging.rb:80:in `tagged'
railties (6.0.3.4) lib/rails/rack/logger.rb:26:in `call'
sprockets-rails (3.2.2) lib/sprockets/rails/quiet_assets.rb:13:in `call'
actionpack (6.0.3.4) lib/action_dispatch/middleware/remote_ip.rb:81:in `call'
actionpack (6.0.3.4) lib/action_dispatch/middleware/request_id.rb:27:in `call'
rack (2.2.3) lib/rack/method_override.rb:24:in `call'
rack (2.2.3) lib/rack/runtime.rb:22:in `call'
activesupport (6.0.3.4) lib/active_support/cache/strategy/local_cache_middleware.rb:29:in `call'
actionpack (6.0.3.4) lib/action_dispatch/middleware/executor.rb:14:in `call'
actionpack (6.0.3.4) lib/action_dispatch/middleware/static.rb:126:in `call'
rack (2.2.3) lib/rack/sendfile.rb:110:in `call'
actionpack (6.0.3.4) lib/action_dispatch/middleware/host_authorization.rb:82:in `call'
webpacker (4.3.0) lib/webpacker/dev_server_proxy.rb:23:in `perform_request'
rack-proxy (0.6.5) lib/rack/proxy.rb:57:in `call'
railties (6.0.3.4) lib/rails/engine.rb:527:in `call'
puma (4.3.7) lib/puma/configuration.rb:228:in `call'
puma (4.3.7) lib/puma/server.rb:713:in `handle_request'
puma (4.3.7) lib/puma/server.rb:472:in `process_client'
puma (4.3.7) lib/puma/server.rb:328:in `block in run'
puma (4.3.7) lib/puma/thread_pool.rb:134:in `block in spawn_thread'
  [1m[35m (392.9ms)[0m  [1m[35mCREATE DATABASE "sqwore_development" ENCODING = 'unicode'[0m
  [1m[35m (251.0ms)[0m  [1m[35mCREATE DATABASE "sqwore_test" ENCODING = 'unicode'[0m
Started GET "/" for ::1 at 2021-01-07 19:42:44 +0100
Processing by Rails::WelcomeController#index as HTML
  Rendering /Users/matthieuharbonnier/.rbenv/versions/2.6.6/lib/ruby/gems/2.6.0/gems/railties-6.0.3.4/lib/rails/templates/rails/welcome/index.html.erb
  Rendered /Users/matthieuharbonnier/.rbenv/versions/2.6.6/lib/ruby/gems/2.6.0/gems/railties-6.0.3.4/lib/rails/templates/rails/welcome/index.html.erb (Duration: 9.8ms | Allocations: 190)
Completed 200 OK in 29ms (Views: 11.9ms | ActiveRecord: 0.0ms | Allocations: 999)


Started GET "/" for ::1 at 2021-01-07 19:45:02 +0100
Processing by PagesController#landing as HTML
  Rendering pages/landing.html.erb within layouts/application
  Rendered pages/landing.html.erb within layouts/application (Duration: 0.7ms | Allocations: 91)
[Webpacker] Compiling...
[Webpacker] Compiled all packs in /Users/matthieuharbonnier/Documents/sqwore/public/packs
[Webpacker] Hash: 76145d9ce4575ebaa29b
Version: webpack 4.44.2
Time: 2731ms
Built at: 07/01/2021 19:45:08
                                     Asset       Size       Chunks                         Chunk Names
    js/application-c229f7c7014cf8c8d494.js    124 KiB  application  [emitted] [immutable]  application
js/application-c229f7c7014cf8c8d494.js.map    139 KiB  application  [emitted] [dev]        application
                             manifest.json  364 bytes               [emitted]              
Entrypoint application = js/application-c229f7c7014cf8c8d494.js js/application-c229f7c7014cf8c8d494.js.map
[./app/javascript/channels sync recursive _channel\.js$] ./app/javascript/channels sync _channel\.js$ 160 bytes {application} [built]
[./app/javascript/channels/index.js] 211 bytes {application} [built]
[./app/javascript/packs/application.js] 749 bytes {application} [built]
[./node_modules/webpack/buildin/module.js] (webpack)/buildin/module.js 552 bytes {application} [built]
    + 3 hidden modules

Completed 200 OK in 5712ms (Views: 5710.8ms | ActiveRecord: 0.0ms | Allocations: 18273)


Started GET "/" for ::1 at 2021-01-07 19:49:26 +0100
Processing by PagesController#landing as HTML
  Rendering pages/landing.html.erb within layouts/application
  Rendered pages/landing.html.erb within layouts/application (Duration: 1.2ms | Allocations: 83)
[Webpacker] Everything's up-to-date. Nothing to do
Completed 200 OK in 52ms (Views: 46.2ms | ActiveRecord: 0.0ms | Allocations: 9156)


Started GET "/" for ::1 at 2021-01-07 20:01:12 +0100
Processing by PagesController#landing as HTML
  Rendering pages/landing.html.erb within layouts/application
  Rendered pages/landing.html.erb within layouts/application (Duration: 0.3ms | Allocations: 4)
[Webpacker] Everything's up-to-date. Nothing to do
Completed 200 OK in 53ms (Views: 48.3ms | ActiveRecord: 0.0ms | Allocations: 8159)


Started GET "/" for ::1 at 2021-01-07 20:01:40 +0100
Processing by PagesController#landing as HTML
  Rendering pages/landing.html.erb within layouts/application
  Rendered pages/landing.html.erb within layouts/application (Duration: 0.1ms | Allocations: 5)
[Webpacker] Everything's up-to-date. Nothing to do
Completed 200 OK in 73ms (Views: 72.2ms | ActiveRecord: 0.0ms | Allocations: 9392)


Started GET "/" for ::1 at 2021-01-07 20:01:48 +0100
Processing by PagesController#landing as HTML
  Rendering pages/landing.html.erb within layouts/application
  Rendered pages/landing.html.erb within layouts/application (Duration: 0.0ms | Allocations: 4)
[Webpacker] Everything's up-to-date. Nothing to do
Completed 200 OK in 54ms (Views: 51.0ms | ActiveRecord: 0.0ms | Allocations: 8147)


Started GET "/" for ::1 at 2021-01-07 20:02:28 +0100
Processing by PagesController#landing as HTML
  Rendering pages/landing.html.erb within layouts/application
  Rendered pages/landing.html.erb within layouts/application (Duration: 0.0ms | Allocations: 4)
[Webpacker] Everything's up-to-date. Nothing to do
Completed 200 OK in 205ms (Views: 201.7ms | ActiveRecord: 0.0ms | Allocations: 8168)


Started GET "/" for ::1 at 2021-01-07 20:02:48 +0100
Processing by PagesController#landing as HTML
  Rendering pages/landing.html.erb within layouts/application
  Rendered pages/landing.html.erb within layouts/application (Duration: 0.0ms | Allocations: 4)
[Webpacker] Everything's up-to-date. Nothing to do
Completed 200 OK in 41ms (Views: 38.9ms | ActiveRecord: 0.0ms | Allocations: 9418)


Started GET "/" for ::1 at 2021-01-07 20:03:09 +0100
Processing by PagesController#landing as HTML
  Rendering pages/landing.html.erb within layouts/application
  Rendered pages/landing.html.erb within layouts/application (Duration: 0.0ms | Allocations: 4)
[Webpacker] Everything's up-to-date. Nothing to do
Completed 200 OK in 30ms (Views: 29.4ms | ActiveRecord: 0.0ms | Allocations: 8170)


Started GET "/" for ::1 at 2021-01-07 20:03:23 +0100
Processing by PagesController#landing as HTML
  Rendering pages/landing.html.erb within layouts/application
  Rendered pages/landing.html.erb within layouts/application (Duration: 0.1ms | Allocations: 4)
[Webpacker] Everything's up-to-date. Nothing to do
Completed 200 OK in 27ms (Views: 26.2ms | ActiveRecord: 0.0ms | Allocations: 8612)


Started GET "/" for ::1 at 2021-01-07 20:03:57 +0100
Processing by PagesController#landing as HTML
  Rendering pages/landing.html.erb within layouts/application
  Rendered pages/landing.html.erb within layouts/application (Duration: 0.1ms | Allocations: 4)
[Webpacker] Everything's up-to-date. Nothing to do
Completed 200 OK in 44ms (Views: 42.9ms | ActiveRecord: 0.0ms | Allocations: 9084)


Started GET "/" for ::1 at 2021-01-07 20:04:37 +0100
Processing by PagesController#landing as HTML
  Rendering pages/landing.html.erb within layouts/application
  Rendered pages/landing.html.erb within layouts/application (Duration: 0.0ms | Allocations: 4)
[Webpacker] Everything's up-to-date. Nothing to do
Completed 200 OK in 28ms (Views: 27.5ms | ActiveRecord: 0.0ms | Allocations: 8568)


Started GET "/" for ::1 at 2021-01-07 20:04:41 +0100
Processing by PagesController#landing as HTML
  Rendering pages/landing.html.erb within layouts/application
  Rendered pages/landing.html.erb within layouts/application (Duration: 0.0ms | Allocations: 4)
[Webpacker] Everything's up-to-date. Nothing to do
Completed 200 OK in 24ms (Views: 23.7ms | ActiveRecord: 0.0ms | Allocations: 8989)


Started GET "/" for ::1 at 2021-01-08 09:16:51 +0100
Processing by PagesController#landing as HTML
  Rendering pages/landing.html.erb within layouts/application
  Rendered pages/landing.html.erb within layouts/application (Duration: 0.8ms | Allocations: 4)
[Webpacker] Everything's up-to-date. Nothing to do
Completed 200 OK in 109ms (Views: 94.9ms | ActiveRecord: 0.0ms | Allocations: 3867)


